<?xml version="1.0" encoding="UTF-8"?>
<!-- Generated by org.testng.reporters.JUnitReportReporter -->
<testsuite skipped="0" hostname="DESKTOP-FUGQNF4" name="org.test.BracersTask" tests="1" failures="0" timestamp="04 Mar 2023 06:44:52 GMT" time="0.017" errors="0">
  <testcase name="test1" time="0.017" classname="org.test.BracersTask"/>
</testsuite> <!-- org.test.BracersTask -->
