<?xml version="1.0" encoding="UTF-8"?>
<!-- Generated by org.testng.reporters.JUnitReportReporter -->
<testsuite skipped="1" hostname="DESKTOP-FUGQNF4" name="org.test.SuggestionListTaskFlipkartAndGoogle" tests="7" failures="0" timestamp="03 Mar 2023 07:06:54 GMT" time="2.025" errors="0">
  <testcase name="testa" time="0.016" classname="org.test.SuggestionListTaskFlipkartAndGoogle"/>
  <testcase name="test2" time="0.000" classname="org.test.SuggestionListTaskFlipkartAndGoogle"/>
  <testcase name="test2" time="0.003" classname="org.test.SuggestionListTaskFlipkartAndGoogle"/>
  <testcase name="testB" time="1.999" classname="org.test.SuggestionListTaskFlipkartAndGoogle"/>
  <testcase name="test2" time="0.000" classname="org.test.SuggestionListTaskFlipkartAndGoogle"/>
  <testcase name="testA" time="0.007" classname="org.test.SuggestionListTaskFlipkartAndGoogle"/>
  <testcase name="testb" classname="org.test.SuggestionListTaskFlipkartAndGoogle">
    <skipped/>
  </testcase> <!-- testb -->
</testsuite> <!-- org.test.SuggestionListTaskFlipkartAndGoogle -->
