<?xml version="1.0" encoding="UTF-8"?>
<!-- Generated by org.testng.reporters.JUnitReportReporter -->
<testsuite skipped="1" hostname="DESKTOP-FUGQNF4" name="org.test.Flipkart4PageTask" tests="9" failures="0" timestamp="04 Mar 2023 07:19:56 GMT" time="6.996" errors="0">
  <testcase name="test2" time="0.011" classname="org.test.Flipkart4PageTask"/>
  <testcase name="testa" time="0.004" classname="org.test.Flipkart4PageTask"/>
  <testcase name="testa" time="0.008" classname="org.test.Flipkart4PageTask"/>
  <testcase name="testa" time="0.002" classname="org.test.Flipkart4PageTask"/>
  <testcase name="testa" time="0.008" classname="org.test.Flipkart4PageTask"/>
  <testcase name="testa" time="0.003" classname="org.test.Flipkart4PageTask"/>
  <testcase name="testA" time="6.958" classname="org.test.Flipkart4PageTask"/>
  <testcase name="test1" time="0.002" classname="org.test.Flipkart4PageTask"/>
  <testcase name="testB" classname="org.test.Flipkart4PageTask">
    <skipped/>
  </testcase> <!-- testB -->
</testsuite> <!-- org.test.Flipkart4PageTask -->
